Program
  FuncDef   Name:main   ReturnType: Int
    Block   Size:9
      VarDecls   Type: Int
        VarDef   name:a   scope:-1
          init:
            VarInitVal_exp
              Intconst   val:1   Type: Void   
      VarDecls   Type: Int
        VarDef   name:b   scope:-1
          init:
            VarInitVal_exp
              Intconst   val:0   Type: Void   
      VarDecls   Type: Int
        VarDef   name:c   scope:-1
          init:
            VarInitVal_exp
              Intconst   val:1   Type: Void   
      VarDecls   Type: Int
        VarDef   name:d   scope:-1
          init:
            VarInitVal_exp
              Intconst   val:2   Type: Void   
      VarDecls   Type: Int
        VarDef   name:e   scope:-1
          init:
            VarInitVal_exp
              Intconst   val:4   Type: Void   
      VarDecls   Type: Int
        VarDef   name:flag   scope:-1
          init:
            VarInitVal_exp
              Intconst   val:0   Type: Void   
      AssignStmt:
        Lval   Type: Void      name:b   scope:-1
        MulExp_div: (/)   Type: Void   
          Lval   Type: Void      name:a   scope:-1
          Lval   Type: Void      name:c   scope:-1
      ExpressionStmt:   Type: Void   
        FuncCall   name:putint   Type: Void   
          FuncRParams:
            Lval   Type: Void      name:flag   scope:-1
      ReturnStmt:
        Lval   Type: Void      name:flag   scope:-1
